# JRE version: 7.0_21-b11
# Java VM: Java HotSpot(TM) 64-Bit Server VM (23.21-b01 mixed mode windows-amd64 compressed oops)
Heap
 PSYoungGen      total 635136K, used 91856K [0x00000007d5eb0000, 0x0000000800000000, 0x0000000800000000)
  eden space 628032K, 13% used [0x00000007d5eb0000,0x00000007db17b150,0x00000007fc400000)
  from space 7104K, 99% used [0x00000007fc400000,0x00000007fcae9010,0x00000007fcaf0000)
  to   space 31040K, 0% used [0x00000007fe1b0000,0x00000007fe1b0000,0x0000000800000000)
 ParOldGen       total 240768K, used 170480K [0x0000000781c00000, 0x0000000790720000, 0x00000007d5eb0000)
  object space 240768K, 70% used [0x0000000781c00000,0x000000078c27c278,0x0000000790720000)
 PSPermGen       total 32576K, used 14580K [0x000000077ca00000, 0x000000077e9d0000, 0x0000000781c00000)
  object space 32576K, 44% used [0x000000077ca00000,0x000000077d83d2e0,0x000000077e9d0000)
GC Heap History (10 events):
Event: 5.592 GC heap before
{Heap before GC invocations=15 (full 1):
 PSYoungGen      total 653760K, used 639716K [0x00000007d5eb0000, 0x00000007ffbc0000, 0x0000000800000000)
  eden space 624192K, 100% used [0x00000007d5eb0000,0x00000007fc040000,0x00000007fc040000)
  from space 29568K, 52% used [0x00000007fc040000,0x00000007fcf69010,0x00000007fdd20000)
  to   space 28160K, 0% used [0x00000007fe040000,0x00000007fe040000,0x00000007ffbc0000)
 ParOldGen       total 142400K, used 113443K [0x0000000781c00000, 0x000000078a710000, 0x00000007d5eb0000)
  object space 142400K, 79% used [0x0000000781c00000,0x0000000788ac8fd0,0x000000078a710000)
 PSPermGen       total 28992K, used 14247K [0x000000077ca00000, 0x000000077e650000, 0x0000000781c00000)
  object space 28992K, 49% used [0x000000077ca00000,0x000000077d7e9f38,0x000000077e650000)
Event: 5.616 GC heap after
Heap after GC invocations=15 (full 1):
 PSYoungGen      total 658240K, used 15492K [0x00000007d5eb0000, 0x00000007ffc20000, 0x0000000800000000)
  eden space 630080K, 0% used [0x00000007d5eb0000,0x00000007d5eb0000,0x00000007fc600000)
  from space 28160K, 55% used [0x00000007fe040000,0x00000007fef61010,0x00000007ffbc0000)
  to   space 26880K, 0% used [0x00000007fc600000,0x00000007fc600000,0x00000007fe040000)
 ParOldGen       total 142400K, used 128043K [0x0000000781c00000, 0x000000078a710000, 0x00000007d5eb0000)
  object space 142400K, 89% used [0x0000000781c00000,0x000000078990afd0,0x000000078a710000)
 PSPermGen       total 28992K, used 14247K [0x000000077ca00000, 0x000000077e650000, 0x0000000781c00000)
  object space 28992K, 49% used [0x000000077ca00000,0x000000077d7e9f38,0x000000077e650000)
}
Event: 5.616 GC heap before
{Heap before GC invocations=16 (full 2):
 PSYoungGen      total 658240K, used 15492K [0x00000007d5eb0000, 0x00000007ffc20000, 0x0000000800000000)
  eden space 630080K, 0% used [0x00000007d5eb0000,0x00000007d5eb0000,0x00000007fc600000)
  from space 28160K, 55% used [0x00000007fe040000,0x00000007fef61010,0x00000007ffbc0000)
  to   space 26880K, 0% used [0x00000007fc600000,0x00000007fc600000,0x00000007fe040000)
 ParOldGen       total 142400K, used 128043K [0x0000000781c00000, 0x000000078a710000, 0x00000007d5eb0000)
  object space 142400K, 89% used [0x0000000781c00000,0x000000078990afd0,0x000000078a710000)
 PSPermGen       total 28992K, used 14247K [0x000000077ca00000, 0x000000077e650000, 0x0000000781c00000)
  object space 28992K, 49% used [0x000000077ca00000,0x000000077d7e9f38,0x000000077e650000)
Event: 5.933 GC heap after
Heap after GC invocations=16 (full 2):
 PSYoungGen      total 658240K, used 0K [0x00000007d5eb0000, 0x00000007ffc20000, 0x0000000800000000)
  eden space 630080K, 0% used [0x00000007d5eb0000,0x00000007d5eb0000,0x00000007fc600000)
  from space 28160K, 0% used [0x00000007fe040000,0x00000007fe040000,0x00000007ffbc0000)
  to   space 26880K, 0% used [0x00000007fc600000,0x00000007fc600000,0x00000007fe040000)
 ParOldGen       total 240768K, used 141485K [0x0000000781c00000, 0x0000000790720000, 0x00000007d5eb0000)
  object space 240768K, 58% used [0x0000000781c00000,0x000000078a62b718,0x0000000790720000)
 PSPermGen       total 32576K, used 14247K [0x000000077ca00000, 0x000000077e9d0000, 0x0000000781c00000)
  object space 32576K, 43% used [0x000000077ca00000,0x000000077d7e9ed8,0x000000077e9d0000)
}
Event: 6.209 GC heap before
{Heap before GC invocations=17 (full 2):
 PSYoungGen      total 658240K, used 630080K [0x00000007d5eb0000, 0x00000007ffc20000, 0x0000000800000000)
  eden space 630080K, 100% used [0x00000007d5eb0000,0x00000007fc600000,0x00000007fc600000)
  from space 28160K, 0% used [0x00000007fe040000,0x00000007fe040000,0x00000007ffbc0000)
  to   space 26880K, 0% used [0x00000007fc600000,0x00000007fc600000,0x00000007fe040000)
 ParOldGen       total 240768K, used 141485K [0x0000000781c00000, 0x0000000790720000, 0x00000007d5eb0000)
  object space 240768K, 58% used [0x0000000781c00000,0x000000078a62b718,0x0000000790720000)
 PSPermGen       total 32576K, used 14247K [0x000000077ca00000, 0x000000077e9d0000, 0x0000000781c00000)
  object space 32576K, 43% used [0x000000077ca00000,0x000000077d7e9f80,0x000000077e9d0000)
Event: 6.225 GC heap after
Heap after GC invocations=17 (full 2):
 PSYoungGen      total 656960K, used 15588K [0x00000007d5eb0000, 0x00000007ffca0000, 0x0000000800000000)
  eden space 630080K, 0% used [0x00000007d5eb0000,0x00000007d5eb0000,0x00000007fc600000)
  from space 26880K, 57% used [0x00000007fc600000,0x00000007fd539010,0x00000007fe040000)
  to   space 25792K, 0% used [0x00000007fe370000,0x00000007fe370000,0x00000007ffca0000)
 ParOldGen       total 240768K, used 141485K [0x0000000781c00000, 0x0000000790720000, 0x00000007d5eb0000)
  object space 240768K, 58% used [0x0000000781c00000,0x000000078a62b718,0x0000000790720000)
 PSPermGen       total 32576K, used 14247K [0x000000077ca00000, 0x000000077e9d0000, 0x0000000781c00000)
  object space 32576K, 43% used [0x000000077ca00000,0x000000077d7e9f80,0x000000077e9d0000)
}
Event: 6.516 GC heap before
{Heap before GC invocations=18 (full 2):
 PSYoungGen      total 656960K, used 645668K [0x00000007d5eb0000, 0x00000007ffca0000, 0x0000000800000000)
  eden space 630080K, 100% used [0x00000007d5eb0000,0x00000007fc600000,0x00000007fc600000)
  from space 26880K, 57% used [0x00000007fc600000,0x00000007fd539010,0x00000007fe040000)
  to   space 25792K, 0% used [0x00000007fe370000,0x00000007fe370000,0x00000007ffca0000)
 ParOldGen       total 240768K, used 141485K [0x0000000781c00000, 0x0000000790720000, 0x00000007d5eb0000)
  object space 240768K, 58% used [0x0000000781c00000,0x000000078a62b718,0x0000000790720000)
 PSPermGen       total 32576K, used 14248K [0x000000077ca00000, 0x000000077e9d0000, 0x0000000781c00000)
  object space 32576K, 43% used [0x000000077ca00000,0x000000077d7ea100,0x000000077e9d0000)
Event: 6.537 GC heap after
Heap after GC invocations=18 (full 2):
 PSYoungGen      total 653824K, used 25772K [0x00000007d5eb0000, 0x0000000800000000, 0x0000000800000000)
  eden space 628032K, 0% used [0x00000007d5eb0000,0x00000007d5eb0000,0x00000007fc400000)
  from space 25792K, 99% used [0x00000007fe370000,0x00000007ffc9b030,0x00000007ffca0000)
  to   space 30720K, 0% used [0x00000007fc400000,0x00000007fc400000,0x00000007fe200000)
 ParOldGen       total 240768K, used 147301K [0x0000000781c00000, 0x0000000790720000, 0x00000007d5eb0000)
  object space 240768K, 61% used [0x0000000781c00000,0x000000078abd9718,0x0000000790720000)
 PSPermGen       total 32576K, used 14248K [0x000000077ca00000, 0x000000077e9d0000, 0x0000000781c00000)
  object space 32576K, 43% used [0x000000077ca00000,0x000000077d7ea100,0x000000077e9d0000)
}
Event: 33.576 GC heap before
{Heap before GC invocations=19 (full 2):
 PSYoungGen      total 653824K, used 653011K [0x00000007d5eb0000, 0x0000000800000000, 0x0000000800000000)
  eden space 628032K, 99% used [0x00000007d5eb0000,0x00000007fc339f48,0x00000007fc400000)
  from space 25792K, 99% used [0x00000007fe370000,0x00000007ffc9b030,0x00000007ffca0000)
  to   space 30720K, 0% used [0x00000007fc400000,0x00000007fc400000,0x00000007fe200000)
 ParOldGen       total 240768K, used 147301K [0x0000000781c00000, 0x0000000790720000, 0x00000007d5eb0000)
  object space 240768K, 61% used [0x0000000781c00000,0x000000078abd9718,0x0000000790720000)
 PSPermGen       total 32576K, used 14569K [0x000000077ca00000, 0x000000077e9d0000, 0x0000000781c00000)
  object space 32576K, 44% used [0x000000077ca00000,0x000000077d83a4c0,0x000000077e9d0000)
Event: 33.598 GC heap after
Heap after GC invocations=19 (full 2):
 PSYoungGen      total 635136K, used 7076K [0x00000007d5eb0000, 0x0000000800000000, 0x0000000800000000)
  eden space 628032K, 0% used [0x00000007d5eb0000,0x00000007d5eb0000,0x00000007fc400000)
  from space 7104K, 99% used [0x00000007fc400000,0x00000007fcae9010,0x00000007fcaf0000)
  to   space 31040K, 0% used [0x00000007fe1b0000,0x00000007fe1b0000,0x0000000800000000)
 ParOldGen       total 240768K, used 170480K [0x0000000781c00000, 0x0000000790720000, 0x00000007d5eb0000)
  object space 240768K, 70% used [0x0000000781c00000,0x000000078c27c278,0x0000000790720000)
 PSPermGen       total 32576K, used 14569K [0x000000077ca00000, 0x000000077e9d0000, 0x0000000781c00000)
  object space 32576K, 44% used [0x000000077ca00000,0x000000077d83a4c0,0x000000077e9d0000)
}

